<?xml version="1.0" encoding="UTF-8"?>
<testng-results ignored="0" total="2" passed="2" failed="0" skipped="0">
  <reporter-output>
  </reporter-output>
  <suite started-at="2023-02-18T02:39:10 IST" name="Suite" finished-at="2023-02-18T02:39:28 IST" duration-ms="18291">
    <groups>
    </groups>
    <test started-at="2023-02-18T02:39:10 IST" name="Test" finished-at="2023-02-18T02:39:28 IST" duration-ms="18291">
      <class name="testCases.verifySignup">
        <test-method is-config="true" signature="openurl()[pri:0, instance:testCases.verifySignup@c33b74f]" started-at="2023-02-18T02:39:18 IST" name="openurl" finished-at="2023-02-18T02:39:21 IST" duration-ms="3493" status="PASS">
          <reporter-output>
          </reporter-output>
        </test-method> <!-- openurl -->
        <test-method signature="signup()[pri:0, instance:testCases.verifySignup@c33b74f]" started-at="2023-02-18T02:39:21 IST" name="signup" finished-at="2023-02-18T02:39:28 IST" duration-ms="6851" status="PASS">
          <reporter-output>
          </reporter-output>
        </test-method> <!-- signup -->
        <test-method is-config="true" signature="closeBrowser()[pri:0, instance:testCases.verifySignup@c33b74f]" started-at="2023-02-18T02:39:28 IST" name="closeBrowser" finished-at="2023-02-18T02:39:28 IST" duration-ms="269" status="PASS">
          <reporter-output>
          </reporter-output>
        </test-method> <!-- closeBrowser -->
      </class> <!-- testCases.verifySignup -->
      <class name="testCases.verifylogin">
        <test-method is-config="true" signature="openurl()[pri:0, instance:testCases.verifylogin@a9cd3b1]" started-at="2023-02-18T02:39:10 IST" name="openurl" finished-at="2023-02-18T02:39:14 IST" duration-ms="4175" status="PASS">
          <reporter-output>
          </reporter-output>
        </test-method> <!-- openurl -->
        <test-method signature="login()[pri:0, instance:testCases.verifylogin@a9cd3b1]" started-at="2023-02-18T02:39:14 IST" name="login" finished-at="2023-02-18T02:39:18 IST" duration-ms="3181" status="PASS">
          <reporter-output>
          </reporter-output>
        </test-method> <!-- login -->
        <test-method is-config="true" signature="closeBrowser()[pri:0, instance:testCases.verifylogin@a9cd3b1]" started-at="2023-02-18T02:39:18 IST" name="closeBrowser" finished-at="2023-02-18T02:39:18 IST" duration-ms="245" status="PASS">
          <reporter-output>
          </reporter-output>
        </test-method> <!-- closeBrowser -->
      </class> <!-- testCases.verifylogin -->
    </test> <!-- Test -->
  </suite> <!-- Suite -->
</testng-results>
