<?xml version="1.0" encoding="UTF-8"?>
<testng-results ignored="0" total="1" passed="1" failed="0" skipped="0">
  <reporter-output>
  </reporter-output>
  <suite started-at="2023-02-13T21:35:32 IST" name="Default suite" finished-at="2023-02-13T21:35:39 IST" duration-ms="7242">
    <groups>
    </groups>
    <test started-at="2023-02-13T21:35:32 IST" name="Default test" finished-at="2023-02-13T21:35:39 IST" duration-ms="7242">
      <class name="testCases.verifylogin">
        <test-method signature="login()[pri:0, instance:testCases.verifylogin@39529185]" started-at="2023-02-13T21:35:32 IST" name="login" finished-at="2023-02-13T21:35:39 IST" duration-ms="7175" status="PASS">
          <reporter-output>
          </reporter-output>
        </test-method> <!-- login -->
      </class> <!-- testCases.verifylogin -->
    </test> <!-- Default test -->
  </suite> <!-- Default suite -->
</testng-results>
